<?xml version="1.0" encoding="UTF-8"?>
<!-- Generated by org.testng.reporters.JUnitXMLReporter -->
<testsuite ignored="6" hostname="DESKTOP-7HQSQ59" failures="0" tests="1" name="Test" time="0.042" errors="0" timestamp="2024-06-22T12:42:42 IST">
  <testcase classname="Test_Demo.GG" name="f5" time="0.006"/>
  <testcase classname="Test_Demo.GG" name="f1" time="0.0">
    <ignored/>
  </testcase> <!-- f1 -->
  <testcase classname="Test_Demo.GG" name="f3" time="0.0">
    <ignored/>
  </testcase> <!-- f3 -->
  <testcase classname="Test_Demo.GG" name="f6" time="0.0">
    <ignored/>
  </testcase> <!-- f6 -->
  <testcase classname="Test_Demo.GG" name="f2" time="0.0">
    <ignored/>
  </testcase> <!-- f2 -->
  <testcase classname="Test_Demo.GG" name="f4" time="0.0">
    <ignored/>
  </testcase> <!-- f4 -->
  <testcase classname="Test_Demo.GG" name="f7" time="0.0">
    <ignored/>
  </testcase> <!-- f7 -->
</testsuite> <!-- Test -->
